Flow report for vector06cc
Sat Mar 24 23:26:47 2018
Quartus II 32-bit Version 13.0.1 Build 232 06/12/2013 Service Pack 1 SJ Web Edition


---------------------
; Table of Contents ;
---------------------
  1. Legal Notice
  2. Flow Summary
  3. Flow Settings
  4. Flow Non-Default Global Settings
  5. Flow Elapsed Time
  6. Flow OS Summary
  7. Flow Log
  8. Flow Messages
  9. Flow Suppressed Messages



----------------
; Legal Notice ;
----------------
Copyright (C) 1991-2013 Altera Corporation
Your use of Altera Corporation's design tools, logic functions 
and other software and tools, and its AMPP partner logic 
functions, and any output files from any of the foregoing 
(including device programming or simulation files), and any 
associated documentation or information are expressly subject 
to the terms and conditions of the Altera Program License 
Subscription Agreement, Altera MegaCore Function License 
Agreement, or other applicable license agreement, including, 
without limitation, that your use is for the sole purpose of 
programming logic devices manufactured by Altera and sold by 
Altera or its authorized distributors.  Please refer to the 
applicable agreement for further details.



+--------------------------------------------------------------------------------------+
; Flow Summary                                                                         ;
+------------------------------------+-------------------------------------------------+
; Flow Status                        ; Successful - Sat Mar 24 23:25:45 2018           ;
; Quartus II 32-bit Version          ; 13.0.1 Build 232 06/12/2013 SP 1 SJ Web Edition ;
; Revision Name                      ; vector06cc                                      ;
; Top-level Entity Name              ; vector06cc                                      ;
; Family                             ; Cyclone II                                      ;
; Device                             ; EP2C20F484C7                                    ;
; Timing Models                      ; Final                                           ;
; Total logic elements               ; 6,870 / 18,752 ( 37 % )                         ;
;     Total combinational functions  ; 6,349 / 18,752 ( 34 % )                         ;
;     Dedicated logic registers      ; 2,495 / 18,752 ( 13 % )                         ;
; Total registers                    ; 2495                                            ;
; Total pins                         ; 238 / 315 ( 76 % )                              ;
; Total virtual pins                 ; 0                                               ;
; Total memory bits                  ; 205,952 / 239,616 ( 86 % )                      ;
; Embedded Multiplier 9-bit elements ; 0 / 52 ( 0 % )                                  ;
; Total PLLs                         ; 2 / 4 ( 50 % )                                  ;
+------------------------------------+-------------------------------------------------+


+-----------------------------------------+
; Flow Settings                           ;
+-------------------+---------------------+
; Option            ; Setting             ;
+-------------------+---------------------+
; Start date & time ; 03/24/2018 23:21:31 ;
; Main task         ; Compilation         ;
; Revision Name     ; vector06cc          ;
+-------------------+---------------------+


+------------------------------------------------------------------------------------------------------------------------------------------------------+
; Flow Non-Default Global Settings                                                                                                                     ;
+----------------------------------------------+--------------------------------------------------------+---------------+-------------+----------------+
; Assignment Name                              ; Value                                                  ; Default Value ; Entity Name ; Section Id     ;
+----------------------------------------------+--------------------------------------------------------+---------------+-------------+----------------+
; AUTO_DELAY_CHAINS_FOR_HIGH_FANOUT_INPUT_PINS ; On                                                     ; Off           ; --          ; --             ;
; AUTO_GLOBAL_MEMORY_CONTROLS                  ; On                                                     ; Off           ; --          ; --             ;
; COMPILER_SIGNATURE_ID                        ; 52230492455.152192289002940                            ; --            ; --          ; --             ;
; EDA_OUTPUT_DATA_FORMAT                       ; None                                                   ; --            ; --          ; eda_simulation ;
; EDA_TIME_SCALE                               ; 1 ps                                                   ; --            ; --          ; eda_simulation ;
; ENABLE_SIGNALTAP                             ; Off                                                    ; --            ; --          ; --             ;
; FITTER_EFFORT                                ; Standard Fit                                           ; Auto Fit      ; --          ; --             ;
; IP_TOOL_NAME                                 ; ALTPLL                                                 ; --            ; --          ; --             ;
; IP_TOOL_NAME                                 ; ALTPLL                                                 ; --            ; --          ; --             ;
; IP_TOOL_NAME                                 ; ALTPLL                                                 ; --            ; --          ; --             ;
; IP_TOOL_VERSION                              ; 13.0                                                   ; --            ; --          ; --             ;
; IP_TOOL_VERSION                              ; 13.0                                                   ; --            ; --          ; --             ;
; IP_TOOL_VERSION                              ; 13.0                                                   ; --            ; --          ; --             ;
; MAX_CORE_JUNCTION_TEMP                       ; 85                                                     ; --            ; --          ; --             ;
; MIN_CORE_JUNCTION_TEMP                       ; 0                                                      ; --            ; --          ; --             ;
; MISC_FILE                                    ; pll_conv.ppf                                           ; --            ; --          ; --             ;
; MISC_FILE                                    ; src/altmodules/mclk24mhz2.ppf                          ; --            ; --          ; --             ;
; MISC_FILE                                    ; src/altmodules/mclk50mhz.ppf                           ; --            ; --          ; --             ;
; PARTITION_COLOR                              ; 14622752                                               ; --            ; --          ; Top            ;
; PARTITION_FITTER_PRESERVATION_LEVEL          ; PLACEMENT_AND_ROUTING                                  ; --            ; --          ; Top            ;
; PARTITION_NETLIST_TYPE                       ; SOURCE                                                 ; --            ; --          ; Top            ;
; PHYSICAL_SYNTHESIS_EFFORT                    ; Extra                                                  ; Normal        ; --          ; --             ;
; POWER_BOARD_THERMAL_MODEL                    ; None (CONSERVATIVE)                                    ; --            ; --          ; --             ;
; POWER_PRESET_COOLING_SOLUTION                ; 23 MM HEAT SINK WITH 200 LFPM AIRFLOW                  ; --            ; --          ; --             ;
; PROJECT_OUTPUT_DIRECTORY                     ; reports                                                ; --            ; --          ; --             ;
; SLD_FILE                                     ; Z:/workspace/vector06cc/reports/stp1_auto_stripped.stp ; --            ; --          ; --             ;
; SMART_RECOMPILE                              ; On                                                     ; Off           ; --          ; --             ;
; USE_SIGNALTAP_FILE                           ; reports/stp1.stp                                       ; --            ; --          ; --             ;
+----------------------------------------------+--------------------------------------------------------+---------------+-------------+----------------+


+-------------------------------------------------------------------------------------------------------------------------------+
; Flow Elapsed Time                                                                                                             ;
+---------------------------+--------------+-------------------------+---------------------+------------------------------------+
; Module Name               ; Elapsed Time ; Average Processors Used ; Peak Virtual Memory ; Total CPU Time (on all processors) ;
+---------------------------+--------------+-------------------------+---------------------+------------------------------------+
; Analysis & Synthesis      ; 00:02:34     ; 1.0                     ; 442 MB              ; 00:02:17                           ;
; Fitter                    ; 00:01:46     ; 1.3                     ; 558 MB              ; 00:01:54                           ;
; Assembler                 ; 00:00:30     ; 1.0                     ; 370 MB              ; 00:00:25                           ;
; TimeQuest Timing Analyzer ; 00:01:00     ; 1.0                     ; 429 MB              ; 00:00:51                           ;
; Total                     ; 00:05:50     ; --                      ; --                  ; 00:05:27                           ;
+---------------------------+--------------+-------------------------+---------------------+------------------------------------+


+----------------------------------------------------------------------------------------+
; Flow OS Summary                                                                        ;
+---------------------------+------------------+-----------+------------+----------------+
; Module Name               ; Machine Hostname ; OS Name   ; OS Version ; Processor type ;
+---------------------------+------------------+-----------+------------+----------------+
; Analysis & Synthesis      ; kundo-pc         ; Windows 7 ; 6.1        ; i686           ;
; Fitter                    ; kundo-pc         ; Windows 7 ; 6.1        ; i686           ;
; Assembler                 ; kundo-pc         ; Windows 7 ; 6.1        ; i686           ;
; TimeQuest Timing Analyzer ; kundo-pc         ; Windows 7 ; 6.1        ; i686           ;
+---------------------------+------------------+-----------+------------+----------------+


------------
; Flow Log ;
------------
quartus_map --read_settings_files=on --write_settings_files=off vector06cc -c vector06cc
quartus_fit --read_settings_files=off --write_settings_files=off vector06cc -c vector06cc
quartus_asm --read_settings_files=off --write_settings_files=off vector06cc -c vector06cc
quartus_sta vector06cc -c vector06cc



